Namespace(no_train=False, train_batch_size=64, eval_batch_size=64, lr=0.0001, num_epochs=20, log_step=500, no_cuda=False, window_size=15, word_embedding_dim=300, position_embedding_dim=25, use_pretrained=True, use_postag=False, postag_embedding_dim=25, kernel_sizes=[2, 3, 4, 5], num_filters=150, dropout_rate=0.5)
Epoch 1|20:
Batch 1|4035: loss 2.3393 f1 0.00 precision 0.00 recall 0.00
Batch 501|4035: loss 0.2615 f1 0.00 precision 0.00 recall 0.00
Batch 1001|4035: loss 0.0628 f1 0.00 precision 0.00 recall 0.00
Batch 1501|4035: loss 0.1038 f1 66.67 precision 100.00 recall 50.00
Batch 2001|4035: loss 0.3615 f1 0.00 precision 0.00 recall 0.00
Batch 2501|4035: loss 0.1747 f1 0.00 precision 0.00 recall 0.00
Batch 3001|4035: loss 0.0072 f1 0.00 precision 0.00 recall 0.00
Batch 3501|4035: loss 0.0698 f1 66.67 precision 100.00 recall 50.00
Batch 4001|4035: loss 0.0185 f1 0.00 precision 0.00 recall 0.00
Batch 4035|4035: loss 0.0873 f1 66.67 precision 100.00 recall 50.00
Train: loss 0.1309 f1 11.84 precision 15.67 recall 10.50
Time: 37.96
Dev: loss 0.0706 f1 35.46 precision 58.24 recall 25.49
Save model weight!

Epoch 2|20:
Batch 1|4035: loss 0.0407 f1 0.00 precision 0.00 recall 0.00
Batch 501|4035: loss 0.0117 f1 100.00 precision 100.00 recall 100.00
Batch 1001|4035: loss 0.0176 f1 100.00 precision 100.00 recall 100.00
Batch 1501|4035: loss 0.0484 f1 0.00 precision 0.00 recall 0.00
Batch 2001|4035: loss 0.1329 f1 0.00 precision 0.00 recall 0.00
Batch 2501|4035: loss 0.0256 f1 100.00 precision 100.00 recall 100.00
Batch 3001|4035: loss 0.0335 f1 100.00 precision 100.00 recall 100.00
Batch 3501|4035: loss 0.0463 f1 0.00 precision 0.00 recall 0.00
Batch 4001|4035: loss 0.1524 f1 57.14 precision 66.67 recall 50.00
Batch 4035|4035: loss 0.0201 f1 0.00 precision 0.00 recall 0.00
Train: loss 0.0714 f1 31.83 precision 39.08 recall 29.67
Time: 37.48
Dev: loss 0.0595 f1 49.97 precision 58.31 recall 43.71
Save model weight!

Epoch 3|20:
Batch 1|4035: loss 0.0948 f1 85.71 precision 100.00 recall 75.00
Batch 501|4035: loss 0.0251 f1 80.00 precision 100.00 recall 66.67
Batch 1001|4035: loss 0.0095 f1 100.00 precision 100.00 recall 100.00
Batch 1501|4035: loss 0.0179 f1 100.00 precision 100.00 recall 100.00
Batch 2001|4035: loss 0.0389 f1 66.67 precision 100.00 recall 50.00
Batch 2501|4035: loss 0.0075 f1 0.00 precision 0.00 recall 0.00
Batch 3001|4035: loss 0.0057 f1 0.00 precision 0.00 recall 0.00
Batch 3501|4035: loss 0.0125 f1 100.00 precision 100.00 recall 100.00
Batch 4001|4035: loss 0.0503 f1 0.00 precision 0.00 recall 0.00
Batch 4035|4035: loss 0.0356 f1 66.67 precision 100.00 recall 50.00
Train: loss 0.0561 f1 40.58 precision 47.36 recall 38.75
Time: 37.34
Dev: loss 0.0560 f1 50.60 precision 60.83 recall 43.32
Save model weight!

Epoch 4|20:
Batch 1|4035: loss 0.0207 f1 100.00 precision 100.00 recall 100.00
Batch 501|4035: loss 0.1155 f1 0.00 precision 0.00 recall 0.00
Batch 1001|4035: loss 0.0336 f1 50.00 precision 50.00 recall 50.00
Batch 1501|4035: loss 0.0188 f1 0.00 precision 0.00 recall 0.00
Batch 2001|4035: loss 0.0288 f1 0.00 precision 0.00 recall 0.00
Batch 2501|4035: loss 0.0147 f1 0.00 precision 0.00 recall 0.00
Batch 3001|4035: loss 0.0036 f1 0.00 precision 0.00 recall 0.00
Batch 3501|4035: loss 0.0344 f1 80.00 precision 66.67 recall 100.00
Batch 4001|4035: loss 0.0586 f1 0.00 precision 0.00 recall 0.00
Batch 4035|4035: loss 0.0212 f1 100.00 precision 100.00 recall 100.00
Train: loss 0.0464 f1 45.81 precision 51.84 recall 44.29
Time: 37.33
Dev: loss 0.0558 f1 49.74 precision 60.21 recall 42.37

Epoch 5|20:
Batch 1|4035: loss 0.0161 f1 100.00 precision 100.00 recall 100.00
Batch 501|4035: loss 0.0180 f1 0.00 precision 0.00 recall 0.00
Batch 1001|4035: loss 0.0431 f1 0.00 precision 0.00 recall 0.00
Batch 1501|4035: loss 0.0291 f1 88.89 precision 100.00 recall 80.00
Batch 2001|4035: loss 0.0206 f1 100.00 precision 100.00 recall 100.00
Batch 2501|4035: loss 0.0120 f1 100.00 precision 100.00 recall 100.00
Batch 3001|4035: loss 0.1672 f1 44.44 precision 66.67 recall 33.33
Batch 3501|4035: loss 0.1168 f1 0.00 precision 0.00 recall 0.00
Batch 4001|4035: loss 0.0665 f1 50.00 precision 100.00 recall 33.33
Batch 4035|4035: loss 0.0616 f1 66.67 precision 50.00 recall 100.00
Train: loss 0.0389 f1 50.16 precision 56.15 recall 48.75
Time: 37.28
Dev: loss 0.0554 f1 54.43 precision 60.49 recall 49.47
Save model weight!

Epoch 6|20:
Batch 1|4035: loss 0.0023 f1 100.00 precision 100.00 recall 100.00
Batch 501|4035: loss 0.0611 f1 0.00 precision 0.00 recall 0.00
Batch 1001|4035: loss 0.0132 f1 100.00 precision 100.00 recall 100.00
Batch 1501|4035: loss 0.0121 f1 100.00 precision 100.00 recall 100.00
Batch 2001|4035: loss 0.0289 f1 100.00 precision 100.00 recall 100.00
Batch 2501|4035: loss 0.0428 f1 50.00 precision 100.00 recall 33.33
Batch 3001|4035: loss 0.0370 f1 80.00 precision 100.00 recall 66.67
Batch 3501|4035: loss 0.0916 f1 0.00 precision 0.00 recall 0.00
Batch 4001|4035: loss 0.0405 f1 66.67 precision 50.00 recall 100.00
Batch 4035|4035: loss 0.1129 f1 50.00 precision 50.00 recall 50.00
Train: loss 0.0333 f1 54.82 precision 59.74 recall 54.07
Time: 37.30
Dev: loss 0.0580 f1 51.30 precision 60.04 recall 44.77

Epoch 7|20:
Batch 1|4035: loss 0.0195 f1 0.00 precision 0.00 recall 0.00
Batch 501|4035: loss 0.0244 f1 66.67 precision 100.00 recall 50.00
Batch 1001|4035: loss 0.0194 f1 85.71 precision 100.00 recall 75.00
Batch 1501|4035: loss 0.0099 f1 100.00 precision 100.00 recall 100.00
Batch 2001|4035: loss 0.0046 f1 100.00 precision 100.00 recall 100.00
Batch 2501|4035: loss 0.0342 f1 66.67 precision 100.00 recall 50.00
Batch 3001|4035: loss 0.0070 f1 100.00 precision 100.00 recall 100.00
Batch 3501|4035: loss 0.0532 f1 66.67 precision 100.00 recall 50.00
Batch 4001|4035: loss 0.0507 f1 0.00 precision 0.00 recall 0.00
Batch 4035|4035: loss 0.0776 f1 50.00 precision 100.00 recall 33.33
Train: loss 0.0285 f1 57.49 precision 62.06 recall 56.66
Time: 37.29
Dev: loss 0.0602 f1 51.25 precision 62.15 recall 43.60

Epoch 8|20:
Batch 1|4035: loss 0.0377 f1 80.00 precision 100.00 recall 66.67
Batch 501|4035: loss 0.0036 f1 0.00 precision 0.00 recall 0.00
Batch 1001|4035: loss 0.0422 f1 0.00 precision 0.00 recall 0.00
Batch 1501|4035: loss 0.0039 f1 0.00 precision 0.00 recall 0.00
Batch 2001|4035: loss 0.0019 f1 0.00 precision 0.00 recall 0.00
Batch 2501|4035: loss 0.0057 f1 100.00 precision 100.00 recall 100.00
Batch 3001|4035: loss 0.0233 f1 80.00 precision 100.00 recall 66.67
Batch 3501|4035: loss 0.0577 f1 0.00 precision 0.00 recall 0.00
Batch 4001|4035: loss 0.1137 f1 66.67 precision 66.67 recall 66.67
Batch 4035|4035: loss 0.0116 f1 100.00 precision 100.00 recall 100.00
Train: loss 0.0247 f1 60.81 precision 64.40 recall 60.57
Time: 37.35
Dev: loss 0.0601 f1 53.97 precision 59.45 recall 49.41

Epoch 9|20:
Batch 1|4035: loss 0.0114 f1 0.00 precision 0.00 recall 0.00
Batch 501|4035: loss 0.0028 f1 0.00 precision 0.00 recall 0.00
Batch 1001|4035: loss 0.0363 f1 66.67 precision 50.00 recall 100.00
Batch 1501|4035: loss 0.0333 f1 80.00 precision 66.67 recall 100.00
Batch 2001|4035: loss 0.0181 f1 100.00 precision 100.00 recall 100.00
Batch 2501|4035: loss 0.0061 f1 0.00 precision 0.00 recall 0.00
Batch 3001|4035: loss 0.0026 f1 0.00 precision 0.00 recall 0.00
Batch 3501|4035: loss 0.0103 f1 100.00 precision 100.00 recall 100.00
Batch 4001|4035: loss 0.0038 f1 100.00 precision 100.00 recall 100.00
Batch 4035|4035: loss 0.0335 f1 0.00 precision 0.00 recall 0.00
Train: loss 0.0222 f1 63.92 precision 67.04 recall 63.95
Time: 37.37
Dev: loss 0.0632 f1 53.30 precision 61.25 recall 47.18

Epoch 10|20:
Batch 1|4035: loss 0.0007 f1 100.00 precision 100.00 recall 100.00
Batch 501|4035: loss 0.0074 f1 100.00 precision 100.00 recall 100.00
Batch 1001|4035: loss 0.0182 f1 100.00 precision 100.00 recall 100.00
Batch 1501|4035: loss 0.0188 f1 80.00 precision 100.00 recall 66.67
Batch 2001|4035: loss 0.0024 f1 100.00 precision 100.00 recall 100.00
Batch 2501|4035: loss 0.0020 f1 0.00 precision 0.00 recall 0.00
Batch 3001|4035: loss 0.0316 f1 0.00 precision 0.00 recall 0.00
Batch 3501|4035: loss 0.0059 f1 100.00 precision 100.00 recall 100.00
Batch 4001|4035: loss 0.0081 f1 100.00 precision 100.00 recall 100.00
Batch 4035|4035: loss 0.0040 f1 100.00 precision 100.00 recall 100.00
Train: loss 0.0201 f1 64.39 precision 67.27 recall 64.35
Time: 37.58
Dev: loss 0.0660 f1 53.81 precision 59.14 recall 49.36

Epoch 11|20:
Batch 1|4035: loss 0.0108 f1 100.00 precision 100.00 recall 100.00
Batch 501|4035: loss 0.0224 f1 0.00 precision 0.00 recall 0.00
Batch 1001|4035: loss 0.0007 f1 100.00 precision 100.00 recall 100.00
Batch 1501|4035: loss 0.0373 f1 50.00 precision 50.00 recall 50.00
Batch 2001|4035: loss 0.0694 f1 80.00 precision 100.00 recall 66.67
Batch 2501|4035: loss 0.0363 f1 66.67 precision 100.00 recall 50.00
Batch 3001|4035: loss 0.0031 f1 0.00 precision 0.00 recall 0.00
Batch 3501|4035: loss 0.0583 f1 66.67 precision 100.00 recall 50.00
Batch 4001|4035: loss 0.0434 f1 66.67 precision 50.00 recall 100.00
Batch 4035|4035: loss 0.0031 f1 0.00 precision 0.00 recall 0.00
Train: loss 0.0180 f1 64.87 precision 67.46 recall 64.86
Time: 37.24
Dev: loss 0.0669 f1 54.29 precision 60.56 recall 49.19

Epoch 12|20:
Batch 1|4035: loss 0.0277 f1 80.00 precision 66.67 recall 100.00
Batch 501|4035: loss 0.0020 f1 100.00 precision 100.00 recall 100.00
Batch 1001|4035: loss 0.0084 f1 100.00 precision 100.00 recall 100.00
Batch 1501|4035: loss 0.0044 f1 100.00 precision 100.00 recall 100.00
Batch 2001|4035: loss 0.0019 f1 100.00 precision 100.00 recall 100.00
Batch 2501|4035: loss 0.0204 f1 0.00 precision 0.00 recall 0.00
Batch 3001|4035: loss 0.0010 f1 100.00 precision 100.00 recall 100.00
Batch 3501|4035: loss 0.0072 f1 100.00 precision 100.00 recall 100.00
Batch 4001|4035: loss 0.0003 f1 100.00 precision 100.00 recall 100.00
Batch 4035|4035: loss 0.0670 f1 80.00 precision 66.67 recall 100.00
Train: loss 0.0169 f1 67.15 precision 69.65 recall 67.11
Time: 37.37
Dev: loss 0.0698 f1 53.90 precision 61.34 recall 48.07

Epoch 13|20:
Batch 1|4035: loss 0.0220 f1 80.00 precision 100.00 recall 66.67
Batch 501|4035: loss 0.0553 f1 66.67 precision 50.00 recall 100.00
Batch 1001|4035: loss 0.0031 f1 100.00 precision 100.00 recall 100.00
Batch 1501|4035: loss 0.0051 f1 100.00 precision 100.00 recall 100.00
Batch 2001|4035: loss 0.0022 f1 100.00 precision 100.00 recall 100.00
Batch 2501|4035: loss 0.0061 f1 100.00 precision 100.00 recall 100.00
Batch 3001|4035: loss 0.0123 f1 100.00 precision 100.00 recall 100.00
Batch 3501|4035: loss 0.0035 f1 100.00 precision 100.00 recall 100.00
Batch 4001|4035: loss 0.0180 f1 80.00 precision 100.00 recall 66.67
Batch 4035|4035: loss 0.0091 f1 100.00 precision 100.00 recall 100.00
Train: loss 0.0157 f1 68.32 precision 70.47 recall 68.52
Time: 37.25
Dev: loss 0.0737 f1 50.86 precision 60.26 recall 43.99

Epoch 14|20:
Batch 1|4035: loss 0.0024 f1 0.00 precision 0.00 recall 0.00
Batch 501|4035: loss 0.0009 f1 100.00 precision 100.00 recall 100.00
Batch 1001|4035: loss 0.0022 f1 100.00 precision 100.00 recall 100.00
Batch 1501|4035: loss 0.0199 f1 0.00 precision 0.00 recall 0.00
Batch 2001|4035: loss 0.0062 f1 0.00 precision 0.00 recall 0.00
Batch 2501|4035: loss 0.0056 f1 100.00 precision 100.00 recall 100.00
Batch 3001|4035: loss 0.0064 f1 0.00 precision 0.00 recall 0.00
Batch 3501|4035: loss 0.0048 f1 100.00 precision 100.00 recall 100.00
Batch 4001|4035: loss 0.0351 f1 0.00 precision 0.00 recall 0.00
Batch 4035|4035: loss 0.0006 f1 0.00 precision 0.00 recall 0.00
Train: loss 0.0147 f1 69.56 precision 71.35 recall 69.98
Time: 37.17
Dev: loss 0.0719 f1 53.75 precision 58.61 recall 49.64

Epoch 15|20:
Batch 1|4035: loss 0.0313 f1 66.67 precision 50.00 recall 100.00
Batch 501|4035: loss 0.0005 f1 100.00 precision 100.00 recall 100.00
Batch 1001|4035: loss 0.0020 f1 100.00 precision 100.00 recall 100.00
Batch 1501|4035: loss 0.0004 f1 0.00 precision 0.00 recall 0.00
Batch 2001|4035: loss 0.0038 f1 100.00 precision 100.00 recall 100.00
Batch 2501|4035: loss 0.0012 f1 0.00 precision 0.00 recall 0.00
Batch 3001|4035: loss 0.0012 f1 100.00 precision 100.00 recall 100.00
Batch 3501|4035: loss 0.0028 f1 100.00 precision 100.00 recall 100.00
Batch 4001|4035: loss 0.0021 f1 100.00 precision 100.00 recall 100.00
Batch 4035|4035: loss 0.0035 f1 100.00 precision 100.00 recall 100.00
Train: loss 0.0141 f1 69.95 precision 71.71 recall 70.21
Time: 37.27
Dev: loss 0.0744 f1 53.84 precision 59.22 recall 49.36

Epoch 16|20:
Batch 1|4035: loss 0.0029 f1 100.00 precision 100.00 recall 100.00
Batch 501|4035: loss 0.0070 f1 100.00 precision 100.00 recall 100.00
Batch 1001|4035: loss 0.0002 f1 0.00 precision 0.00 recall 0.00
Batch 1501|4035: loss 0.0004 f1 0.00 precision 0.00 recall 0.00
Batch 2001|4035: loss 0.0158 f1 66.67 precision 50.00 recall 100.00
Batch 2501|4035: loss 0.0007 f1 100.00 precision 100.00 recall 100.00
Batch 3001|4035: loss 0.0036 f1 100.00 precision 100.00 recall 100.00
Batch 3501|4035: loss 0.0021 f1 100.00 precision 100.00 recall 100.00
Batch 4001|4035: loss 0.0015 f1 0.00 precision 0.00 recall 0.00
Batch 4035|4035: loss 0.0249 f1 0.00 precision 0.00 recall 0.00
Train: loss 0.0133 f1 71.09 precision 72.85 recall 71.25
Time: 37.20
Dev: loss 0.0767 f1 53.22 precision 58.93 recall 48.52

Epoch 17|20:
Batch 1|4035: loss 0.0005 f1 100.00 precision 100.00 recall 100.00
Batch 501|4035: loss 0.0008 f1 100.00 precision 100.00 recall 100.00
Batch 1001|4035: loss 0.0084 f1 0.00 precision 0.00 recall 0.00
Batch 1501|4035: loss 0.0017 f1 0.00 precision 0.00 recall 0.00
Batch 2001|4035: loss 0.0137 f1 0.00 precision 0.00 recall 0.00
Batch 2501|4035: loss 0.0119 f1 100.00 precision 100.00 recall 100.00
Batch 3001|4035: loss 0.0310 f1 0.00 precision 0.00 recall 0.00
Batch 3501|4035: loss 0.0218 f1 100.00 precision 100.00 recall 100.00
Batch 4001|4035: loss 0.0024 f1 100.00 precision 100.00 recall 100.00
Batch 4035|4035: loss 0.0030 f1 0.00 precision 0.00 recall 0.00
Train: loss 0.0128 f1 70.60 precision 71.96 recall 71.02
Time: 37.37
Dev: loss 0.0787 f1 53.42 precision 59.17 recall 48.69

Epoch 18|20:
Batch 1|4035: loss 0.0094 f1 100.00 precision 100.00 recall 100.00
Batch 501|4035: loss 0.0103 f1 100.00 precision 100.00 recall 100.00
Batch 1001|4035: loss 0.0111 f1 100.00 precision 100.00 recall 100.00
Batch 1501|4035: loss 0.0615 f1 80.00 precision 100.00 recall 66.67
Batch 2001|4035: loss 0.0011 f1 100.00 precision 100.00 recall 100.00
Batch 2501|4035: loss 0.0003 f1 100.00 precision 100.00 recall 100.00
Batch 3001|4035: loss 0.0037 f1 100.00 precision 100.00 recall 100.00
Batch 3501|4035: loss 0.0023 f1 0.00 precision 0.00 recall 0.00
Batch 4001|4035: loss 0.0147 f1 100.00 precision 100.00 recall 100.00
Batch 4035|4035: loss 0.0057 f1 100.00 precision 100.00 recall 100.00
Train: loss 0.0126 f1 71.96 precision 73.48 recall 72.20
Time: 37.23
Dev: loss 0.0803 f1 54.49 precision 61.07 recall 49.19
Save model weight!

Epoch 19|20:
Batch 1|4035: loss 0.0098 f1 100.00 precision 100.00 recall 100.00
Batch 501|4035: loss 0.0025 f1 100.00 precision 100.00 recall 100.00
Batch 1001|4035: loss 0.0062 f1 100.00 precision 100.00 recall 100.00
Batch 1501|4035: loss 0.0071 f1 100.00 precision 100.00 recall 100.00
Batch 2001|4035: loss 0.0027 f1 100.00 precision 100.00 recall 100.00
Batch 2501|4035: loss 0.0013 f1 100.00 precision 100.00 recall 100.00
Batch 3001|4035: loss 0.0449 f1 0.00 precision 0.00 recall 0.00
Batch 3501|4035: loss 0.0103 f1 100.00 precision 100.00 recall 100.00
Batch 4001|4035: loss 0.0119 f1 100.00 precision 100.00 recall 100.00
Batch 4035|4035: loss 0.0000 f1 100.00 precision 100.00 recall 100.00
Train: loss 0.0122 f1 72.34 precision 73.72 recall 72.65
Time: 37.20
Dev: loss 0.0815 f1 53.74 precision 59.46 recall 49.02

Epoch 20|20:
Batch 1|4035: loss 0.0007 f1 100.00 precision 100.00 recall 100.00
Batch 501|4035: loss 0.0002 f1 100.00 precision 100.00 recall 100.00
Batch 1001|4035: loss 0.0737 f1 75.00 precision 75.00 recall 75.00
Batch 1501|4035: loss 0.1000 f1 83.33 precision 83.33 recall 83.33
Batch 2001|4035: loss 0.0022 f1 100.00 precision 100.00 recall 100.00
Batch 2501|4035: loss 0.0003 f1 100.00 precision 100.00 recall 100.00
Batch 3001|4035: loss 0.1160 f1 75.00 precision 75.00 recall 75.00
Batch 3501|4035: loss 0.0002 f1 100.00 precision 100.00 recall 100.00
Batch 4001|4035: loss 0.0276 f1 66.67 precision 50.00 recall 100.00
Batch 4035|4035: loss 0.0039 f1 100.00 precision 100.00 recall 100.00
Train: loss 0.0114 f1 72.08 precision 73.37 recall 72.44
Time: 37.21
Dev: loss 0.0817 f1 53.99 precision 57.95 recall 50.53

Restore best model !
Test: f1 55.51 precision 62.43 recall 49.97
